{"/home/spk.no/bjg/project/jest-demo/src/utils.js": {"path":"/home/spk.no/bjg/project/jest-demo/src/utils.js","statementMap":{"0":{"start":{"line":7,"column":26},"end":{"line":14,"column":7}},"1":{"start":{"line":8,"column":2},"end":{"line":14,"column":7}},"2":{"start":{"line":9,"column":4},"end":{"line":13,"column":5}},"3":{"start":{"line":10,"column":6},"end":{"line":10,"column":23}},"4":{"start":{"line":12,"column":6},"end":{"line":12,"column":17}},"5":{"start":{"line":19,"column":30},"end":{"line":22,"column":1}},"6":{"start":{"line":20,"column":16},"end":{"line":20,"column":23}},"7":{"start":{"line":21,"column":2},"end":{"line":21,"column":50}},"8":{"start":{"line":38,"column":28},"end":{"line":40,"column":1}},"9":{"start":{"line":38,"column":48},"end":{"line":40,"column":1}},"10":{"start":{"line":39,"column":2},"end":{"line":39,"column":46}}},"fnMap":{"0":{"name":"(anonymous_0)","decl":{"start":{"line":7,"column":26},"end":{"line":7,"column":27}},"loc":{"start":{"line":8,"column":2},"end":{"line":14,"column":7}},"line":8},"1":{"name":"(anonymous_1)","decl":{"start":{"line":8,"column":21},"end":{"line":8,"column":22}},"loc":{"start":{"line":8,"column":35},"end":{"line":14,"column":3}},"line":8},"2":{"name":"(anonymous_2)","decl":{"start":{"line":19,"column":30},"end":{"line":19,"column":31}},"loc":{"start":{"line":19,"column":36},"end":{"line":22,"column":1}},"line":19},"3":{"name":"(anonymous_3)","decl":{"start":{"line":38,"column":28},"end":{"line":38,"column":29}},"loc":{"start":{"line":38,"column":48},"end":{"line":40,"column":1}},"line":38},"4":{"name":"(anonymous_4)","decl":{"start":{"line":38,"column":48},"end":{"line":38,"column":49}},"loc":{"start":{"line":38,"column":57},"end":{"line":40,"column":1}},"line":38}},"branchMap":{"0":{"loc":{"start":{"line":9,"column":4},"end":{"line":13,"column":5}},"type":"if","locations":[{"start":{"line":9,"column":4},"end":{"line":13,"column":5}},{"start":{"line":11,"column":11},"end":{"line":13,"column":5}}],"line":9}},"s":{"0":1,"1":1,"2":4,"3":4,"4":0,"5":1,"6":1,"7":1,"8":1,"9":1,"10":3},"f":{"0":1,"1":4,"2":1,"3":1,"4":3},"b":{"0":[4,0]},"_coverageSchema":"1a1c01bbd47fc00a2c39e90264f33305004495a9","hash":"53e3650ba7bb7923dabbb20d56c5c911efcc14ec"}
}
